c:\users\administrator\desktop\course\semester3\3d graphics\opengl_repo\opengl_project - solution\opengl_project\x64\release\vc142.pdb
c:\users\administrator\desktop\course\semester3\3d graphics\opengl_repo\opengl_project - solution\opengl_project\x64\release\transform.obj
c:\users\administrator\desktop\course\semester3\3d graphics\opengl_repo\opengl_project - solution\opengl_project\x64\release\timemanager.obj
c:\users\administrator\desktop\course\semester3\3d graphics\opengl_repo\opengl_project - solution\opengl_project\x64\release\texture.obj
c:\users\administrator\desktop\course\semester3\3d graphics\opengl_repo\opengl_project - solution\opengl_project\x64\release\shape.obj
c:\users\administrator\desktop\course\semester3\3d graphics\opengl_repo\opengl_project - solution\opengl_project\x64\release\shaderloader.obj
c:\users\administrator\desktop\course\semester3\3d graphics\opengl_repo\opengl_project - solution\opengl_project\x64\release\quad.obj
c:\users\administrator\desktop\course\semester3\3d graphics\opengl_repo\opengl_project - solution\opengl_project\x64\release\main.obj
c:\users\administrator\desktop\course\semester3\3d graphics\opengl_repo\opengl_project - solution\opengl_project\x64\release\hexagon.obj
c:\users\administrator\desktop\course\semester3\3d graphics\opengl_repo\opengl_project - solution\opengl_project\x64\release\camera.obj
c:\users\administrator\desktop\course\semester3\3d graphics\opengl_repo\opengl_project - solution\x64\release\opengl_project.exe
c:\users\administrator\desktop\course\semester3\3d graphics\opengl_repo\opengl_project - solution\opengl_project\x64\release\opengl_project.ipdb
c:\users\administrator\desktop\course\semester3\3d graphics\opengl_repo\opengl_project - solution\opengl_project\x64\release\opengl_project.iobj
c:\users\administrator\desktop\course\semester3\3d graphics\opengl_repo\opengl_project - solution\x64\release\opengl_project.pdb
c:\users\administrator\desktop\course\semester3\3d graphics\opengl_repo\opengl_project - solution\opengl_project\x64\release\opengl_project.tlog\cl.command.1.tlog
c:\users\administrator\desktop\course\semester3\3d graphics\opengl_repo\opengl_project - solution\opengl_project\x64\release\opengl_project.tlog\cl.read.1.tlog
c:\users\administrator\desktop\course\semester3\3d graphics\opengl_repo\opengl_project - solution\opengl_project\x64\release\opengl_project.tlog\cl.write.1.tlog
c:\users\administrator\desktop\course\semester3\3d graphics\opengl_repo\opengl_project - solution\opengl_project\x64\release\opengl_project.tlog\link.command.1.tlog
c:\users\administrator\desktop\course\semester3\3d graphics\opengl_repo\opengl_project - solution\opengl_project\x64\release\opengl_project.tlog\link.read.1.tlog
c:\users\administrator\desktop\course\semester3\3d graphics\opengl_repo\opengl_project - solution\opengl_project\x64\release\opengl_project.tlog\link.write.1.tlog
