  Camera.cpp
  CameraBasedMovement.cpp
  ComponentBehaviour.cpp
  Cube.cpp
  CubeMesh.cpp
  InputManager.cpp
  LightingSettings.cpp
  main.cpp
  Math.cpp
  Mesh.cpp
  Model.cpp
  ModelMesh.cpp
  ProgramSettings.cpp
  Quad.cpp
  SceneManager.cpp
  ShaderLoader.cpp
  Object.cpp
  Skybox.cpp
  SkyboxMesh.cpp
  TextureManager.cpp
  Generating Code...
  Compiling...
  TimeManager.cpp
  Transform.cpp
  WindowManager.cpp
  Generating Code...
LINK : warning LNK4098: defaultlib 'MSVCRT' conflicts with use of other libs; use /NODEFAULTLIB:library
  OpenGL_Project.vcxproj -> C:\Users\Administrator\Desktop\course\Semester3\3D Graphics\OpenGL_Repo\OpenGL_Project - Solution\OpenGL_Project\OpenGL_Project.exe
