c:\users\administrator\desktop\course\semester3\3d graphics\opengl_repo\opengl_project - solution\opengl_project\x64\debug\vc142.pdb
c:\users\administrator\desktop\course\semester3\3d graphics\opengl_repo\opengl_project - solution\opengl_project\x64\debug\vc142.idb
c:\users\administrator\desktop\course\semester3\3d graphics\opengl_repo\opengl_project - solution\opengl_project\x64\debug\texturemanager.obj
c:\users\administrator\desktop\course\semester3\3d graphics\opengl_repo\opengl_project - solution\opengl_project\x64\debug\skyboxmesh.obj
c:\users\administrator\desktop\course\semester3\3d graphics\opengl_repo\opengl_project - solution\opengl_project\x64\debug\skybox.obj
c:\users\administrator\desktop\course\semester3\3d graphics\opengl_repo\opengl_project - solution\opengl_project\x64\debug\object.obj
c:\users\administrator\desktop\course\semester3\3d graphics\opengl_repo\opengl_project - solution\opengl_project\x64\debug\shaderloader.obj
c:\users\administrator\desktop\course\semester3\3d graphics\opengl_repo\opengl_project - solution\opengl_project\x64\debug\scenemanager.obj
c:\users\administrator\desktop\course\semester3\3d graphics\opengl_repo\opengl_project - solution\opengl_project\x64\debug\quad.obj
c:\users\administrator\desktop\course\semester3\3d graphics\opengl_repo\opengl_project - solution\opengl_project\x64\debug\programsettings.obj
c:\users\administrator\desktop\course\semester3\3d graphics\opengl_repo\opengl_project - solution\opengl_project\x64\debug\modelmesh.obj
c:\users\administrator\desktop\course\semester3\3d graphics\opengl_repo\opengl_project - solution\opengl_project\x64\debug\model.obj
c:\users\administrator\desktop\course\semester3\3d graphics\opengl_repo\opengl_project - solution\opengl_project\x64\debug\mesh.obj
c:\users\administrator\desktop\course\semester3\3d graphics\opengl_repo\opengl_project - solution\opengl_project\x64\debug\math.obj
c:\users\administrator\desktop\course\semester3\3d graphics\opengl_repo\opengl_project - solution\opengl_project\x64\debug\main.obj
c:\users\administrator\desktop\course\semester3\3d graphics\opengl_repo\opengl_project - solution\opengl_project\x64\debug\lightingsettings.obj
c:\users\administrator\desktop\course\semester3\3d graphics\opengl_repo\opengl_project - solution\opengl_project\x64\debug\inputmanager.obj
c:\users\administrator\desktop\course\semester3\3d graphics\opengl_repo\opengl_project - solution\opengl_project\x64\debug\cubemesh.obj
c:\users\administrator\desktop\course\semester3\3d graphics\opengl_repo\opengl_project - solution\opengl_project\x64\debug\cube.obj
c:\users\administrator\desktop\course\semester3\3d graphics\opengl_repo\opengl_project - solution\opengl_project\x64\debug\componentbehaviour.obj
c:\users\administrator\desktop\course\semester3\3d graphics\opengl_repo\opengl_project - solution\opengl_project\x64\debug\camerabasedmovement.obj
c:\users\administrator\desktop\course\semester3\3d graphics\opengl_repo\opengl_project - solution\opengl_project\x64\debug\camera.obj
c:\users\administrator\desktop\course\semester3\3d graphics\opengl_repo\opengl_project - solution\opengl_project\x64\debug\windowmanager.obj
c:\users\administrator\desktop\course\semester3\3d graphics\opengl_repo\opengl_project - solution\opengl_project\x64\debug\transform.obj
c:\users\administrator\desktop\course\semester3\3d graphics\opengl_repo\opengl_project - solution\opengl_project\x64\debug\timemanager.obj
c:\users\administrator\desktop\course\semester3\3d graphics\opengl_repo\opengl_project - solution\opengl_project\x64\debug\opengl_project.ilk
c:\users\administrator\desktop\course\semester3\3d graphics\opengl_repo\opengl_project - solution\opengl_project\opengl_project.exe
c:\users\administrator\desktop\course\semester3\3d graphics\opengl_repo\opengl_project - solution\opengl_project\opengl_project.pdb
c:\users\administrator\desktop\course\semester3\3d graphics\opengl_repo\opengl_project - solution\opengl_project\x64\debug\opengl_project.tlog\cl.command.1.tlog
c:\users\administrator\desktop\course\semester3\3d graphics\opengl_repo\opengl_project - solution\opengl_project\x64\debug\opengl_project.tlog\cl.read.1.tlog
c:\users\administrator\desktop\course\semester3\3d graphics\opengl_repo\opengl_project - solution\opengl_project\x64\debug\opengl_project.tlog\cl.write.1.tlog
c:\users\administrator\desktop\course\semester3\3d graphics\opengl_repo\opengl_project - solution\opengl_project\x64\debug\opengl_project.tlog\link.command.1.tlog
c:\users\administrator\desktop\course\semester3\3d graphics\opengl_repo\opengl_project - solution\opengl_project\x64\debug\opengl_project.tlog\link.read.1.tlog
c:\users\administrator\desktop\course\semester3\3d graphics\opengl_repo\opengl_project - solution\opengl_project\x64\debug\opengl_project.tlog\link.write.1.tlog
